<?xml version="1.0" encoding="UTF-8"?>
<!-- Generated by org.testng.reporters.JUnitReportReporter -->
<testsuite hostname="Saran" failures="0" tests="1" name="tests.YatraTest" time="3.903" errors="0" timestamp="2025-08-05T20:47:05 IST" skipped="0">
  <testcase classname="tests.YatraTest" name="testLowestFares" time="3.903"/>
</testsuite> <!-- tests.YatraTest -->
